C:\USERS\ADMIN\DOWNLOADS\SURVIVNG AUST-20210327T195442Z-001\SURVIVNG AUST\DEBUG\SURVIVNG AUST.EXE
C:\USERS\ADMIN\DOWNLOADS\SURVIVNG AUST-20210327T195442Z-001\SURVIVNG AUST\DEBUG\SURVIVNG AUST.ILK
C:\USERS\ADMIN\DOWNLOADS\SURVIVNG AUST-20210327T195442Z-001\SURVIVNG AUST\DEBUG\SURVIVNG AUST.PDB
C:\Users\Admin\Downloads\SURVIVNG AUST-20210327T195442Z-001\SURVIVNG AUST\SURVIVNG AUST\Debug\cl.command.1.tlog
C:\Users\Admin\Downloads\SURVIVNG AUST-20210327T195442Z-001\SURVIVNG AUST\SURVIVNG AUST\Debug\CL.read.1.tlog
C:\Users\Admin\Downloads\SURVIVNG AUST-20210327T195442Z-001\SURVIVNG AUST\SURVIVNG AUST\Debug\CL.write.1.tlog
C:\USERS\ADMIN\DOWNLOADS\SURVIVNG AUST-20210327T195442Z-001\SURVIVNG AUST\SURVIVNG AUST\DEBUG\IMAIN.OBJ
C:\Users\Admin\Downloads\SURVIVNG AUST-20210327T195442Z-001\SURVIVNG AUST\SURVIVNG AUST\Debug\link.command.1.tlog
C:\Users\Admin\Downloads\SURVIVNG AUST-20210327T195442Z-001\SURVIVNG AUST\SURVIVNG AUST\Debug\link.read.1.tlog
C:\Users\Admin\Downloads\SURVIVNG AUST-20210327T195442Z-001\SURVIVNG AUST\SURVIVNG AUST\Debug\link.write.1.tlog
C:\Users\Admin\Downloads\SURVIVNG AUST-20210327T195442Z-001\SURVIVNG AUST\SURVIVNG AUST\Debug\mt.command.1.tlog
C:\Users\Admin\Downloads\SURVIVNG AUST-20210327T195442Z-001\SURVIVNG AUST\SURVIVNG AUST\Debug\mt.read.1.tlog
C:\Users\Admin\Downloads\SURVIVNG AUST-20210327T195442Z-001\SURVIVNG AUST\SURVIVNG AUST\Debug\mt.write.1.tlog
C:\USERS\ADMIN\DOWNLOADS\SURVIVNG AUST-20210327T195442Z-001\SURVIVNG AUST\SURVIVNG AUST\DEBUG\SURVIVNG AUST.EXE.INTERMEDIATE.MANIFEST
C:\Users\Admin\Downloads\SURVIVNG AUST-20210327T195442Z-001\SURVIVNG AUST\SURVIVNG AUST\Debug\SURVIVNG AUST.vcxprojResolveAssemblyReference.cache
C:\Users\Admin\Downloads\SURVIVNG AUST-20210327T195442Z-001\SURVIVNG AUST\SURVIVNG AUST\Debug\SURVIVNG AUST.write.1.tlog
C:\Users\Admin\Downloads\SURVIVNG AUST-20210327T195442Z-001\SURVIVNG AUST\SURVIVNG AUST\Debug\utilities.obj
C:\Users\Admin\Downloads\SURVIVNG AUST-20210327T195442Z-001\SURVIVNG AUST\SURVIVNG AUST\Debug\vc100.idb
C:\USERS\ADMIN\DOWNLOADS\SURVIVNG AUST-20210327T195442Z-001\SURVIVNG AUST\SURVIVNG AUST\DEBUG\VC100.PDB
C:\USERS\ASUS\ONEDRIVE\DOCUMENTS\VISUAL STUDIO 2010\PROJECTS\SURVIVNG AUST\DEBUG\SURVIVNG AUST.EXE
C:\USERS\ASUS\ONEDRIVE\DOCUMENTS\VISUAL STUDIO 2010\PROJECTS\SURVIVNG AUST\DEBUG\SURVIVNG AUST.ILK
C:\USERS\ASUS\ONEDRIVE\DOCUMENTS\VISUAL STUDIO 2010\PROJECTS\SURVIVNG AUST\DEBUG\SURVIVNG AUST.PDB
C:\USERS\ASUS\ONEDRIVE\DOCUMENTS\VISUAL STUDIO 2010\PROJECTS\SURVIVNG AUST\SURVIVNG AUST\DEBUG\IMAIN.OBJ
C:\USERS\ASUS\ONEDRIVE\DOCUMENTS\VISUAL STUDIO 2010\PROJECTS\SURVIVNG AUST\SURVIVNG AUST\DEBUG\MYDRAW.OBJ
C:\USERS\ASUS\ONEDRIVE\DOCUMENTS\VISUAL STUDIO 2010\PROJECTS\SURVIVNG AUST\SURVIVNG AUST\DEBUG\RANDOM.OBJ
C:\USERS\ASUS\ONEDRIVE\DOCUMENTS\VISUAL STUDIO 2010\PROJECTS\SURVIVNG AUST\SURVIVNG AUST\DEBUG\SURVIVNG AUST.EXE.INTERMEDIATE.MANIFEST
C:\USERS\ASUS\ONEDRIVE\DOCUMENTS\VISUAL STUDIO 2010\PROJECTS\SURVIVNG AUST\SURVIVNG AUST\DEBUG\UTILITIES.OBJ
C:\USERS\ASUS\ONEDRIVE\DOCUMENTS\VISUAL STUDIO 2010\PROJECTS\SURVIVNG AUST\SURVIVNG AUST\DEBUG\VC100.PDB
